Arguments: 
  /usr/bin/node /usr/bin/yarn add moment

PATH: 
  /home/teamnova/bin:/home/teamnova/.local/bin:/usr/local/bin:/usr/bin:/bin:/usr/local/games:/usr/games:/snap/bin

Yarn version: 
  1.13.0

Node version: 
  8.15.1

Platform: 
  linux x64

Trace: 
  Error: EACCES: permission denied, unlink '/opt/kurento-tutorial-node/kurento-one2many-call/node_modules/accepts/HISTORY.md'

npm manifest: 
  {
    "name": "kurento-one2many-call",
    "version": "6.9.0",
    "private": true,
    "scripts": {
      "postinstall": "cd static && bower install"
    },
    "dependencies": {
      "express": "~4.12.4",
      "fluent-ffmpeg": "^2.1.2",
      "kurento-client": "Kurento/kurento-client-js",
      "minimist": "^1.1.1",
      "moment": "^2.24.0",
      "moment-timezone": "^0.5.23",
      "node-mysql": "^0.4.2",
      "video-thumbnail-generator": "^1.1.3",
      "ws": "~1.0.1"
    },
    "devDependencies": {
      "bower": "^1.4.1"
    }
  }

yarn manifest: 
  No manifest

Lockfile: 
  # THIS IS AN AUTOGENERATED FILE. DO NOT EDIT THIS FILE DIRECTLY.
  # yarn lockfile v1
  
  
  accepts@~1.2.7:
    version "1.2.13"
    resolved "https://registry.yarnpkg.com/accepts/-/accepts-1.2.13.tgz#e5f1f3928c6d95fd96558c36ec3d9d0de4a6ecea"
    integrity sha1-5fHzkoxtlf2WVYw27D2dDeSm7Oo=
    dependencies:
      mime-types "~2.1.6"
      negotiator "0.5.3"
  
  array-union@^1.0.1:
    version "1.0.2"
    resolved "https://registry.yarnpkg.com/array-union/-/array-union-1.0.2.tgz#9a34410e4f4e3da23dea375be5be70f24778ec39"
    integrity sha1-mjRBDk9OPaI96jdb5b5w8kd47Dk=
    dependencies:
      array-uniq "^1.0.1"
  
  array-uniq@^1.0.1:
    version "1.0.3"
    resolved "https://registry.yarnpkg.com/array-uniq/-/array-uniq-1.0.3.tgz#af6ac877a25cc7f74e058894753858dfdb24fdb6"
    integrity sha1-r2rId6Jcx/dOBYiUdThY39sk/bY=
  
  arrify@^1.0.0:
    version "1.0.1"
    resolved "https://registry.yarnpkg.com/arrify/-/arrify-1.0.1.tgz#898508da2226f380df904728456849c1501a4b0d"
    integrity sha1-iYUI2iIm84DfkEcoRWhJwVAaSw0=
  
  asap@~2.0.3:
    version "2.0.6"
    resolved "https://registry.yarnpkg.com/asap/-/asap-2.0.6.tgz#e50347611d7e690943208bbdafebcbc2fb866d46"
    integrity sha1-5QNHYR1+aQlDIIu9r+vLwvuGbUY=
  
  async@>=0.2.9, async@^2.0.1:
    version "2.6.2"
    resolved "https://registry.yarnpkg.com/async/-/async-2.6.2.tgz#18330ea7e6e313887f5d2f2a904bac6fe4dd5381"
    integrity sha512-H1qVYh1MYhEEFLsP97cVKqCGo7KfCyTt6uEWqsTBr9SO84oK9Uwbyd/yCW+6rKJLHksBNUVWZDAjfS+Ccx0Bbg==
    dependencies:
      lodash "^4.17.11"
  
  backoff@~2.3.0:
    version "2.3.0"
    resolved "https://registry.yarnpkg.com/backoff/-/backoff-2.3.0.tgz#ee7c7e38093f92e472859db635e7652454fc21ea"
    integrity sha1-7nx+OAk/kuRyhZ22NedlJFT8Ieo=
  
  balanced-match@^1.0.0:
    version "1.0.0"
    resolved "https://registry.yarnpkg.com/balanced-match/-/balanced-match-1.0.0.tgz#89b4d199ab2bee49de164ea02b89ce462d71b767"
    integrity sha1-ibTRmasr7kneFk6gK4nORi1xt2c=
  
  better-js-class@*:
    version "0.1.3"
    resolved "https://registry.yarnpkg.com/better-js-class/-/better-js-class-0.1.3.tgz#758dd17462b3719e1cfa00cc647a0cf994ba6f94"
    integrity sha1-dY3RdGKzcZ4c+gDMZHoM+ZS6b5Q=
  
  bignumber.js@4.1.0:
    version "4.1.0"
    resolved "https://registry.yarnpkg.com/bignumber.js/-/bignumber.js-4.1.0.tgz#db6f14067c140bd46624815a7916c92d9b6c24b1"
    integrity sha512-eJzYkFYy9L4JzXsbymsFn3p54D+llV27oTQ+ziJG7WFRheJcNZilgVXMG0LoZtlQSKBsJdWtLFqOD0u+U0jZKA==
  
  bindings@1.2.x, bindings@~1.2.1:
    version "1.2.1"
    resolved "https://registry.yarnpkg.com/bindings/-/bindings-1.2.1.tgz#14ad6113812d2d37d72e67b4cacb4bb726505f11"
    integrity sha1-FK1hE4EtLTfXLme0ystLtyZQXxE=
  
  bluebird@3.5.0:
    version "3.5.0"
    resolved "https://registry.yarnpkg.com/bluebird/-/bluebird-3.5.0.tgz#791420d7f551eea2897453a8a77653f96606d67c"
    integrity sha1-eRQg1/VR7qKJdFOop3ZT+WYG1nw=
  
  bower@^1.4.1:
    version "1.8.8"
    resolved "https://registry.yarnpkg.com/bower/-/bower-1.8.8.tgz#82544be34a33aeae7efb8bdf9905247b2cffa985"
    integrity sha512-1SrJnXnkP9soITHptSO+ahx3QKp3cVzn8poI6ujqc5SeOkg5iqM1pK9H+DSc2OQ8SnO0jC/NG4Ur/UIwy7574A==
  
  brace-expansion@^1.1.7:
    version "1.1.11"
    resolved "https://registry.yarnpkg.com/brace-expansion/-/brace-expansion-1.1.11.tgz#3c7fcbf529d87226f3d2f52b966ff5271eb441dd"
    integrity sha512-iCuPHDFgrHX7H2vEI/5xpz07zSHB00TpugqhmYtVmMO6518mCuRMoOYFldEBl0g187ufozdaHgWKcYFb61qGiA==
    dependencies:
      balanced-match "^1.0.0"
      concat-map "0.0.1"
  
  bufferutil@1.2.x:
    version "1.2.1"
    resolved "https://registry.yarnpkg.com/bufferutil/-/bufferutil-1.2.1.tgz#37be5d36e1e06492221e68d474b1ac58e510cbd7"
    integrity sha1-N75dNuHgZJIiHmjUdLGsWOUQy9c=
    dependencies:
      bindings "1.2.x"
      nan "^2.0.5"
  
  commander@~2.1.0:
    version "2.1.0"
    resolved "https://registry.yarnpkg.com/commander/-/commander-2.1.0.tgz#d121bbae860d9992a3d517ba96f56588e47c6781"
    integrity sha1-0SG7roYNmZKj1Re6lvVliOR8Z4E=
  
  concat-map@0.0.1:
    version "0.0.1"
    resolved "https://registry.yarnpkg.com/concat-map/-/concat-map-0.0.1.tgz#d8a96bd77fd68df7793a73036a3ba0d5405d477b"
    integrity sha1-2Klr13/Wjfd5OnMDajug1UBdR3s=
  
  content-disposition@0.5.0:
    version "0.5.0"
    resolved "https://registry.yarnpkg.com/content-disposition/-/content-disposition-0.5.0.tgz#4284fe6ae0630874639e44e80a418c2934135e9e"
    integrity sha1-QoT+auBjCHRjnkToCkGMKTQTXp4=
  
  content-type@~1.0.1:
    version "1.0.4"
    resolved "https://registry.yarnpkg.com/content-type/-/content-type-1.0.4.tgz#e138cc75e040c727b1966fe5e5f8c9aee256fe3b"
    integrity sha512-hIP3EEPs8tB9AT1L+NUqtwOAps4mk2Zob89MWXMHjHWg9milF/j4osnnQLXBCBFBk/tvIG/tUc9mOUJiPBhPXA==
  
  cookie-signature@1.0.6:
    version "1.0.6"
    resolved "https://registry.yarnpkg.com/cookie-signature/-/cookie-signature-1.0.6.tgz#e303a882b342cc3ee8ca513a79999734dab3ae2c"
    integrity sha1-4wOogrNCzD7oylE6eZmXNNqzriw=
  
  cookie@0.1.2:
    version "0.1.2"
    resolved "https://registry.yarnpkg.com/cookie/-/cookie-0.1.2.tgz#72fec3d24e48a3432073d90c12642005061004b1"
    integrity sha1-cv7D0k5Io0Mgc9kMEmQgBQYQBLE=
  
  core-util-is@~1.0.0:
    version "1.0.2"
    resolved "https://registry.yarnpkg.com/core-util-is/-/core-util-is-1.0.2.tgz#b5fd54220aa2bc5ab57aab7140c940754503c1a7"
    integrity sha1-tf1UIgqivFq1eqtxQMlAdUUDwac=
  
  cps@*:
    version "1.0.2"
    resolved "https://registry.yarnpkg.com/cps/-/cps-1.0.2.tgz#2cd0b25d80f10909637e0856ad9ba634ce04ff1d"
    integrity sha1-LNCyXYDxCQljfghWrZumNM4E/x0=
  
  crc@3.2.1:
    version "3.2.1"
    resolved "https://registry.yarnpkg.com/crc/-/crc-3.2.1.tgz#5d9c8fb77a245cd5eca291e5d2d005334bab0082"
    integrity sha1-XZyPt3okXNXsopHl0tAFM0urAII=
  
  debug@~2.2.0:
    version "2.2.0"
    resolved "https://registry.yarnpkg.com/debug/-/debug-2.2.0.tgz#f87057e995b1a1f6ae6a4960664137bc56f039da"
    integrity sha1-+HBX6ZWxofauaklgZkE3vFbwOdo=
    dependencies:
      ms "0.7.1"
  
  del@2.2.2:
    version "2.2.2"
    resolved "https://registry.yarnpkg.com/del/-/del-2.2.2.tgz#c12c981d067846c84bcaf862cff930d907ffd1a8"
    integrity sha1-wSyYHQZ4RshLyvhiz/kw2Qf/0ag=
    dependencies:
      globby "^5.0.0"
      is-path-cwd "^1.0.0"
      is-path-in-cwd "^1.0.0"
      object-assign "^4.0.1"
      pify "^2.0.0"
      pinkie-promise "^2.0.0"
      rimraf "^2.2.8"
  
  depd@~1.0.1:
    version "1.0.1"
    resolved "https://registry.yarnpkg.com/depd/-/depd-1.0.1.tgz#80aec64c9d6d97e65cc2a9caa93c0aa6abf73aaa"
    integrity sha1-gK7GTJ1tl+ZcwqnKqTwKpqv3Oqo=
  
  destroy@1.0.3:
    version "1.0.3"
    resolved "https://registry.yarnpkg.com/destroy/-/destroy-1.0.3.tgz#b433b4724e71fd8551d9885174851c5fc377e2c9"
    integrity sha1-tDO0ck5x/YVR2YhRdIUcX8N34sk=
  
  ee-first@1.1.0:
    version "1.1.0"
    resolved "https://registry.yarnpkg.com/ee-first/-/ee-first-1.1.0.tgz#6a0d7c6221e490feefd92ec3f441c9ce8cd097f4"
    integrity sha1-ag18YiHkkP7v2S7D9EHJzozQl/Q=
  
  error-tojson@0.0.1:
    version "0.0.1"
    resolved "https://registry.yarnpkg.com/error-tojson/-/error-tojson-0.0.1.tgz#a7b1aa94ffc00e9078c2eba26e204bd87cf2cbb9"
    integrity sha1-p7GqlP/ADpB4wuuibiBL2Hzyy7k=
  
  es6-promise@^4.0.5:
    version "4.2.6"
    resolved "https://registry.yarnpkg.com/es6-promise/-/es6-promise-4.2.6.tgz#b685edd8258886365ea62b57d30de28fadcd974f"
    integrity sha512-aRVgGdnmW2OiySVPUC9e6m+plolMAJKjZnQlCwNSuK5yQ0JN61DZSO1X1Ufd1foqWRAlig0rhduTCHe7sVtK5Q==
  
  escape-html@1.0.1:
    version "1.0.1"
    resolved "https://registry.yarnpkg.com/escape-html/-/escape-html-1.0.1.tgz#181a286ead397a39a92857cfb1d43052e356bff0"
    integrity sha1-GBoobq05ejmpKFfPsdQwUuNWv/A=
  
  etag@~1.6.0:
    version "1.6.0"
    resolved "https://registry.yarnpkg.com/etag/-/etag-1.6.0.tgz#8bcb2c6af1254c481dfc8b997c906ef4e442c207"
    integrity sha1-i8ssavElTEgd/IuZfJBu9ORCwgc=
    dependencies:
      crc "3.2.1"
  
  express@~4.12.4:
    version "4.12.4"
    resolved "https://registry.yarnpkg.com/express/-/express-4.12.4.tgz#8fec2510255bc6b2e58107c48239c0fa307c1aa2"
    integrity sha1-j+wlECVbxrLlgQfEgjnA+jB8GqI=
    dependencies:
      accepts "~1.2.7"
      content-disposition "0.5.0"
      content-type "~1.0.1"
      cookie "0.1.2"
      cookie-signature "1.0.6"
      debug "~2.2.0"
      depd "~1.0.1"
      escape-html "1.0.1"
      etag "~1.6.0"
      finalhandler "0.3.6"
      fresh "0.2.4"
      merge-descriptors "1.0.0"
      methods "~1.1.1"
      on-finished "~2.2.1"
      parseurl "~1.3.0"
      path-to-regexp "0.1.3"
      proxy-addr "~1.0.8"
      qs "2.4.2"
      range-parser "~1.0.2"
      send "0.12.3"
      serve-static "~1.9.3"
      type-is "~1.6.2"
      utils-merge "1.0.0"
      vary "~1.0.0"
  
  extend@^3.0.0:
    version "3.0.2"
    resolved "https://registry.yarnpkg.com/extend/-/extend-3.0.2.tgz#f8b1136b4071fbd8eb140aff858b1019ec2915fa"
    integrity sha512-fjquC59cD7CyW6urNXK0FBufkZcoiGG80wTuPujX590cB5Ttln20E2UB4S/WARVqhXffZl2LNgS+gQdPIIim/g==
  
  finalhandler@0.3.6:
    version "0.3.6"
    resolved "https://registry.yarnpkg.com/finalhandler/-/finalhandler-0.3.6.tgz#daf9c4161b1b06e001466b1411dfdb6973be138b"
    integrity sha1-2vnEFhsbBuABRmsUEd/baXO+E4s=
    dependencies:
      debug "~2.2.0"
      escape-html "1.0.1"
      on-finished "~2.2.1"
  
  fluent-ffmpeg@2.1.0:
    version "2.1.0"
    resolved "https://registry.yarnpkg.com/fluent-ffmpeg/-/fluent-ffmpeg-2.1.0.tgz#e6ab85e75ba8e49119a3900cd9df10d39831d392"
    integrity sha1-5quF51uo5JEZo5AM2d8Q05gx05I=
    dependencies:
      async ">=0.2.9"
      which "^1.1.1"
  
  fluent-ffmpeg@^2.1.2:
    version "2.1.2"
    resolved "https://registry.yarnpkg.com/fluent-ffmpeg/-/fluent-ffmpeg-2.1.2.tgz#c952de2240f812ebda0aa8006d7776ee2acf7d74"
    integrity sha1-yVLeIkD4EuvaCqgAbXd27irPfXQ=
    dependencies:
      async ">=0.2.9"
      which "^1.1.1"
  
  forwarded@~0.1.0:
    version "0.1.2"
    resolved "https://registry.yarnpkg.com/forwarded/-/forwarded-0.1.2.tgz#98c23dab1175657b8c0573e8ceccd91b0ff18c84"
    integrity sha1-mMI9qxF1ZXuMBXPozszZGw/xjIQ=
  
  fresh@0.2.4:
    version "0.2.4"
    resolved "https://registry.yarnpkg.com/fresh/-/fresh-0.2.4.tgz#3582499206c9723714190edd74b4604feb4a614c"
    integrity sha1-NYJJkgbJcjcUGQ7ddLRgT+tKYUw=
  
  fs.realpath@^1.0.0:
    version "1.0.0"
    resolved "https://registry.yarnpkg.com/fs.realpath/-/fs.realpath-1.0.0.tgz#1504ad2523158caa40db4a2787cb01411994ea4f"
    integrity sha1-FQStJSMVjKpA20onh8sBQRmU6k8=
  
  glob@^7.0.3, glob@^7.1.3:
    version "7.1.3"
    resolved "https://registry.yarnpkg.com/glob/-/glob-7.1.3.tgz#3960832d3f1574108342dafd3a67b332c0969df1"
    integrity sha512-vcfuiIxogLV4DlGBHIUOwI0IbrJ8HWPc4MU7HzviGeNho/UJDfi6B5p3sHeWIQ0KGIU0Jpxi5ZHxemQfLkkAwQ==
    dependencies:
      fs.realpath "^1.0.0"
      inflight "^1.0.4"
      inherits "2"
      minimatch "^3.0.4"
      once "^1.3.0"
      path-is-absolute "^1.0.0"
  
  globby@^5.0.0:
    version "5.0.0"
    resolved "https://registry.yarnpkg.com/globby/-/globby-5.0.0.tgz#ebd84667ca0dbb330b99bcfc68eac2bc54370e0d"
    integrity sha1-69hGZ8oNuzMLmbz8aOrCvFQ3Dg0=
    dependencies:
      array-union "^1.0.1"
      arrify "^1.0.0"
      glob "^7.0.3"
      object-assign "^4.0.1"
      pify "^2.0.0"
      pinkie-promise "^2.0.0"
  
  inflight@^1.0.4:
    version "1.0.6"
    resolved "https://registry.yarnpkg.com/inflight/-/inflight-1.0.6.tgz#49bd6331d7d02d0c09bc910a1075ba8165b56df9"
    integrity sha1-Sb1jMdfQLQwJvJEKEHW6gWW1bfk=
    dependencies:
      once "^1.3.0"
      wrappy "1"
  
  inherits@2, inherits@^2.0.1, inherits@^2.0.3, inherits@~2.0.3:
    version "2.0.3"
    resolved "https://registry.yarnpkg.com/inherits/-/inherits-2.0.3.tgz#633c2c83e3da42a502f52466022480f4208261de"
    integrity sha1-Yzwsg+PaQqUC9SRmAiSA9CCCYd4=
  
  ipaddr.js@1.0.5:
    version "1.0.5"
    resolved "https://registry.yarnpkg.com/ipaddr.js/-/ipaddr.js-1.0.5.tgz#5fa78cf301b825c78abc3042d812723049ea23c7"
    integrity sha1-X6eM8wG4JceKvDBC2BJyMEnqI8c=
  
  is-path-cwd@^1.0.0:
    version "1.0.0"
    resolved "https://registry.yarnpkg.com/is-path-cwd/-/is-path-cwd-1.0.0.tgz#d225ec23132e89edd38fda767472e62e65f1106d"
    integrity sha1-0iXsIxMuie3Tj9p2dHLmLmXxEG0=
  
  is-path-in-cwd@^1.0.0:
    version "1.0.1"
    resolved "https://registry.yarnpkg.com/is-path-in-cwd/-/is-path-in-cwd-1.0.1.tgz#5ac48b345ef675339bd6c7a48a912110b241cf52"
    integrity sha512-FjV1RTW48E7CWM7eE/J2NJvAEEVektecDBVBE5Hh3nM1Jd0kvhHtX68Pr3xsDf857xt3Y4AkwVULK1Vku62aaQ==
    dependencies:
      is-path-inside "^1.0.0"
  
  is-path-inside@^1.0.0:
    version "1.0.1"
    resolved "https://registry.yarnpkg.com/is-path-inside/-/is-path-inside-1.0.1.tgz#8ef5b7de50437a3fdca6b4e865ef7aa55cb48036"
    integrity sha1-jvW33lBDej/cprToZe96pVy0gDY=
    dependencies:
      path-is-inside "^1.0.1"
  
  isarray@~1.0.0:
    version "1.0.0"
    resolved "https://registry.yarnpkg.com/isarray/-/isarray-1.0.0.tgz#bb935d48582cba168c06834957a54a3e07124f11"
    integrity sha1-u5NdSFgsuhaMBoNJV6VKPgcSTxE=
  
  isbuffer@0.0.0:
    version "0.0.0"
    resolved "https://registry.yarnpkg.com/isbuffer/-/isbuffer-0.0.0.tgz#38c146d9df528b8bf9b0701c3d43cf12df3fc39b"
    integrity sha1-OMFG2d9Si4v5sHAcPUPPEt8/w5s=
  
  isexe@^2.0.0:
    version "2.0.0"
    resolved "https://registry.yarnpkg.com/isexe/-/isexe-2.0.0.tgz#e8fbf374dc556ff8947a10dcb0572d633f2cfa10"
    integrity sha1-6PvzdNxVb/iUehDcsFctYz8s+hA=
  
  kurento-client-core@^6.0.0:
    version "6.9.0"
    resolved "https://registry.yarnpkg.com/kurento-client-core/-/kurento-client-core-6.9.0.tgz#711c591cc992ab7bd377fa9b8cdcafbfb8ab5f2b"
    integrity sha512-J/uke9jpcUQ0jqbZgsQ7E9sSDbuhGpqZPX2e2G44Fj0lRwGntpvdebBvdLFSFYQnbqnticvv4VGNG6QyNOmh7Q==
  
  kurento-client-elements@^6.0.0:
    version "6.6.1"
    resolved "https://registry.yarnpkg.com/kurento-client-elements/-/kurento-client-elements-6.6.1.tgz#9550a80f5438a4f3cc211af259003670ccfe5cf9"
    integrity sha1-lVCoD1Q4pPPMIRryWQA2cMz+XPk=
  
  kurento-client-filters@^6.0.0:
    version "6.6.1"
    resolved "https://registry.yarnpkg.com/kurento-client-filters/-/kurento-client-filters-6.6.1.tgz#42337f7800744e3344c725409f6926fd95cae79f"
    integrity sha1-QjN/eAB0TjNExyVAn2km/ZXK558=
  
  kurento-client@Kurento/kurento-client-js:
    version "6.9.0"
    resolved "https://codeload.github.com/Kurento/kurento-client-js/tar.gz/70c3c286cc5eda78585fa212114d48de77e911bc"
    dependencies:
      async "^2.0.1"
      error-tojson "0.0.1"
      es6-promise "^4.0.5"
      extend "^3.0.0"
      inherits "^2.0.3"
      kurento-client-core "^6.0.0"
      kurento-client-elements "^6.0.0"
      kurento-client-filters "^6.0.0"
      kurento-jsonrpc "^6.0.0"
      minimist "^1.2.0"
      promise "7.1.1"
      promisecallback "0.0.4"
      reconnect-ws KurentoForks/reconnect-ws#master
  
  kurento-jsonrpc@^6.0.0:
    version "6.9.0"
    resolved "https://registry.yarnpkg.com/kurento-jsonrpc/-/kurento-jsonrpc-6.9.0.tgz#151b7061ad8c67e450f4ff831a1761626ac16868"
    integrity sha512-jn25TMWSXc4DR7mod1hP6s+y1R6EwF8+BIt4L31JeT/Tk7dKzE1k+1K9s6D//L7aMKtVxPBLVKD5ULrlHWlpvg==
    dependencies:
      bufferutil "1.2.x"
      inherits "^2.0.1"
      utf-8-validate "1.2.x"
      ws "^1.1.1"
  
  lodash@4.17.4:
    version "4.17.4"
    resolved "https://registry.yarnpkg.com/lodash/-/lodash-4.17.4.tgz#78203a4d1c328ae1d86dca6460e369b57f4055ae"
    integrity sha1-eCA6TRwyiuHYbcpkYONptX9AVa4=
  
  lodash@^4.17.11:
    version "4.17.11"
    resolved "https://registry.yarnpkg.com/lodash/-/lodash-4.17.11.tgz#b39ea6229ef607ecd89e2c8df12536891cac9b8d"
    integrity sha512-cQKh8igo5QUhZ7lg38DYWAxMvjSAKG0A8wGSVimP07SIUEK2UO+arSRKbRZWtelMtN5V0Hkwh5ryOto/SshYIg==
  
  media-typer@0.3.0:
    version "0.3.0"
    resolved "https://registry.yarnpkg.com/media-typer/-/media-typer-0.3.0.tgz#8710d7af0aa626f8fffa1ce00168545263255748"
    integrity sha1-hxDXrwqmJvj/+hzgAWhUUmMlV0g=
  
  merge-descriptors@1.0.0:
    version "1.0.0"
    resolved "https://registry.yarnpkg.com/merge-descriptors/-/merge-descriptors-1.0.0.tgz#2169cf7538e1b0cc87fb88e1502d8474bbf79864"
    integrity sha1-IWnPdTjhsMyH+4jhUC2EdLv3mGQ=
  
  methods@~1.1.1:
    version "1.1.2"
    resolved "https://registry.yarnpkg.com/methods/-/methods-1.1.2.tgz#5529a4d67654134edcc5266656835b0f851afcee"
    integrity sha1-VSmk1nZUE07cxSZmVoNbD4Ua/O4=
  
  mime-db@~1.38.0:
    version "1.38.0"
    resolved "https://registry.yarnpkg.com/mime-db/-/mime-db-1.38.0.tgz#1a2aab16da9eb167b49c6e4df2d9c68d63d8e2ad"
    integrity sha512-bqVioMFFzc2awcdJZIzR3HjZFX20QhilVS7hytkKrv7xFAn8bM1gzc/FOX2awLISvWe0PV8ptFKcon+wZ5qYkg==
  
  mime-types@~2.1.18, mime-types@~2.1.6:
    version "2.1.22"
    resolved "https://registry.yarnpkg.com/mime-types/-/mime-types-2.1.22.tgz#fe6b355a190926ab7698c9a0556a11199b2199bd"
    integrity sha512-aGl6TZGnhm/li6F7yx82bJiBZwgiEa4Hf6CNr8YO+r5UHr53tSTYZb102zyU50DOWWKeOv0uQLRL0/9EiKWCog==
    dependencies:
      mime-db "~1.38.0"
  
  mime@1.3.4:
    version "1.3.4"
    resolved "https://registry.yarnpkg.com/mime/-/mime-1.3.4.tgz#115f9e3b6b3daf2959983cb38f149a2d40eb5d53"
    integrity sha1-EV+eO2s9rylZmDyzjxSaLUDrXVM=
  
  minimatch@^3.0.4:
    version "3.0.4"
    resolved "https://registry.yarnpkg.com/minimatch/-/minimatch-3.0.4.tgz#5166e286457f03306064be5497e8dbb0c3d32083"
    integrity sha512-yJHVQEhyqPLUTgt9B83PXu6W3rx4MvvHvSUvToogpwoGDOUQ+yDrR0HRot+yOCdCO7u4hX3pWft6kWBBcqh0UA==
    dependencies:
      brace-expansion "^1.1.7"
  
  minimist@^1.1.1, minimist@^1.2.0:
    version "1.2.0"
    resolved "https://registry.yarnpkg.com/minimist/-/minimist-1.2.0.tgz#a35008b20f41383eec1fb914f4cd5df79a264284"
    integrity sha1-o1AIsg9BOD7sH7kU9M1d95omQoQ=
  
  moment-timezone@^0.5.23:
    version "0.5.23"
    resolved "https://registry.yarnpkg.com/moment-timezone/-/moment-timezone-0.5.23.tgz#7cbb00db2c14c71b19303cb47b0fb0a6d8651463"
    integrity sha512-WHFH85DkCfiNMDX5D3X7hpNH3/PUhjTGcD0U1SgfBGZxJ3qUmJh5FdvaFjcClxOvB3rzdfj4oRffbI38jEnC1w==
    dependencies:
      moment ">= 2.9.0"
  
  moment@2.22.2:
    version "2.22.2"
    resolved "https://registry.yarnpkg.com/moment/-/moment-2.22.2.tgz#3c257f9839fc0e93ff53149632239eb90783ff66"
    integrity sha1-PCV/mDn8DpP/UxSWMiOeuQeD/2Y=
  
  "moment@>= 2.9.0", moment@^2.24.0:
    version "2.24.0"
    resolved "https://registry.yarnpkg.com/moment/-/moment-2.24.0.tgz#0d055d53f5052aa653c9f6eb68bb5d12bf5c2b5b"
    integrity sha512-bV7f+6l2QigeBBZSM/6yTNq4P2fNpSWj/0e7jQcy87A8e7o2nAfP/34/2ky5Vw4B9S446EtIhodAzkFCcR4dQg==
  
  ms@0.7.1:
    version "0.7.1"
    resolved "https://registry.yarnpkg.com/ms/-/ms-0.7.1.tgz#9cd13c03adbff25b65effde7ce864ee952017098"
    integrity sha1-nNE8A62/8ltl7/3nzoZO6VIBcJg=
  
  mysql@*:
    version "2.16.0"
    resolved "https://registry.yarnpkg.com/mysql/-/mysql-2.16.0.tgz#b23b22ab5de44fc2d5d32bd4f5af6653fc45e2ba"
    integrity sha512-dPbN2LHonQp7D5ja5DJXNbCLe/HRdu+f3v61aguzNRQIrmZLOeRoymBYyeThrR6ug+FqzDL95Gc9maqZUJS+Gw==
    dependencies:
      bignumber.js "4.1.0"
      readable-stream "2.3.6"
      safe-buffer "5.1.2"
      sqlstring "2.3.1"
  
  nan@^2.0.5:
    version "2.12.1"
    resolved "https://registry.yarnpkg.com/nan/-/nan-2.12.1.tgz#7b1aa193e9aa86057e3c7bbd0ac448e770925552"
    integrity sha512-JY7V6lRkStKcKTvHO5NVSQRv+RV+FIL5pvDoLiAtSL9pKlC5x9PKQcZDsq7m4FO4d57mkhC6Z+QhAh3Jdk5JFw==
  
  nan@~1.0.0:
    version "1.0.0"
    resolved "https://registry.yarnpkg.com/nan/-/nan-1.0.0.tgz#ae24f8850818d662fcab5acf7f3b95bfaa2ccf38"
    integrity sha1-riT4hQgY1mL8q1rPfzuVv6oszzg=
  
  nan@~2.4.0:
    version "2.4.0"
    resolved "https://registry.yarnpkg.com/nan/-/nan-2.4.0.tgz#fb3c59d45fe4effe215f0b890f8adf6eb32d2232"
    integrity sha1-+zxZ1F/k7/4hXwuJD4rfbrMtIjI=
  
  negotiator@0.5.3:
    version "0.5.3"
    resolved "https://registry.yarnpkg.com/negotiator/-/negotiator-0.5.3.tgz#269d5c476810ec92edbe7b6c2f28316384f9a7e8"
    integrity sha1-Jp1cR2gQ7JLtvntsLygxY4T5p+g=
  
  node-mysql@^0.4.2:
    version "0.4.2"
    resolved "https://registry.yarnpkg.com/node-mysql/-/node-mysql-0.4.2.tgz#c1a3094b279521bef667c33ca06a617120da06d6"
    integrity sha1-waMJSyeVIb72Z8M8oGphcSDaBtY=
    dependencies:
      better-js-class "*"
      cps "*"
      mysql "*"
      underscore "*"
  
  object-assign@^4.0.1:
    version "4.1.1"
    resolved "https://registry.yarnpkg.com/object-assign/-/object-assign-4.1.1.tgz#2109adc7965887cfc05cbbd442cac8bfbb360863"
    integrity sha1-IQmtx5ZYh8/AXLvUQsrIv7s2CGM=
  
  on-finished@~2.2.1:
    version "2.2.1"
    resolved "https://registry.yarnpkg.com/on-finished/-/on-finished-2.2.1.tgz#5c85c1cc36299f78029653f667f27b6b99ebc029"
    integrity sha1-XIXBzDYpn3gCllP2Z/J7a5nrwCk=
    dependencies:
      ee-first "1.1.0"
  
  once@^1.3.0:
    version "1.4.0"
    resolved "https://registry.yarnpkg.com/once/-/once-1.4.0.tgz#583b1aa775961d4b113ac17d9c50baef9dd76bd1"
    integrity sha1-WDsap3WWHUsROsF9nFC6753Xa9E=
    dependencies:
      wrappy "1"
  
  options@>=0.0.5:
    version "0.0.6"
    resolved "https://registry.yarnpkg.com/options/-/options-0.0.6.tgz#ec22d312806bb53e731773e7cdaefcf1c643128f"
    integrity sha1-7CLTEoBrtT5zF3Pnza788cZDEo8=
  
  parseurl@~1.3.0:
    version "1.3.2"
    resolved "https://registry.yarnpkg.com/parseurl/-/parseurl-1.3.2.tgz#fc289d4ed8993119460c156253262cdc8de65bf3"
    integrity sha1-/CidTtiZMRlGDBViUyYs3I3mW/M=
  
  path-is-absolute@^1.0.0:
    version "1.0.1"
    resolved "https://registry.yarnpkg.com/path-is-absolute/-/path-is-absolute-1.0.1.tgz#174b9268735534ffbc7ace6bf53a5a9e1b5c5f5f"
    integrity sha1-F0uSaHNVNP+8es5r9TpanhtcX18=
  
  path-is-inside@^1.0.1:
    version "1.0.2"
    resolved "https://registry.yarnpkg.com/path-is-inside/-/path-is-inside-1.0.2.tgz#365417dede44430d1c11af61027facf074bdfc53"
    integrity sha1-NlQX3t5EQw0cEa9hAn+s8HS9/FM=
  
  path-to-regexp@0.1.3:
    version "0.1.3"
    resolved "https://registry.yarnpkg.com/path-to-regexp/-/path-to-regexp-0.1.3.tgz#21b9ab82274279de25b156ea08fd12ca51b8aecb"
    integrity sha1-IbmrgidCed4lsVbqCP0SylG4rss=
  
  pify@^2.0.0:
    version "2.3.0"
    resolved "https://registry.yarnpkg.com/pify/-/pify-2.3.0.tgz#ed141a6ac043a849ea588498e7dca8b15330e90c"
    integrity sha1-7RQaasBDqEnqWISY59yosVMw6Qw=
  
  pinkie-promise@^2.0.0:
    version "2.0.1"
    resolved "https://registry.yarnpkg.com/pinkie-promise/-/pinkie-promise-2.0.1.tgz#2135d6dfa7a358c069ac9b178776288228450ffa"
    integrity sha1-ITXW36ejWMBprJsXh3YogihFD/o=
    dependencies:
      pinkie "^2.0.0"
  
  pinkie@^2.0.0:
    version "2.0.4"
    resolved "https://registry.yarnpkg.com/pinkie/-/pinkie-2.0.4.tgz#72556b80cfa0d48a974e80e77248e80ed4f7f870"
    integrity sha1-clVrgM+g1IqXToDnckjoDtT3+HA=
  
  process-nextick-args@~2.0.0:
    version "2.0.0"
    resolved "https://registry.yarnpkg.com/process-nextick-args/-/process-nextick-args-2.0.0.tgz#a37d732f4271b4ab1ad070d35508e8290788ffaa"
    integrity sha512-MtEC1TqN0EU5nephaJ4rAtThHtC86dNN9qCuEhtshvpVBkAW5ZO7BASN9REnF9eoXGcRub+pFuKEpOHE+HbEMw==
  
  promise@7.1.1:
    version "7.1.1"
    resolved "https://registry.yarnpkg.com/promise/-/promise-7.1.1.tgz#489654c692616b8aa55b0724fa809bb7db49c5bf"
    integrity sha1-SJZUxpJha4qlWwck+oCbt9tJxb8=
    dependencies:
      asap "~2.0.3"
  
  promisecallback@0.0.4:
    version "0.0.4"
    resolved "https://registry.yarnpkg.com/promisecallback/-/promisecallback-0.0.4.tgz#b934f13c04e443622b4d66de4e42ea5f6ce66e74"
    integrity sha1-uTTxPATkQ2IrTWbeTkLqX2zmbnQ=
  
  proxy-addr@~1.0.8:
    version "1.0.10"
    resolved "https://registry.yarnpkg.com/proxy-addr/-/proxy-addr-1.0.10.tgz#0d40a82f801fc355567d2ecb65efe3f077f121c5"
    integrity sha1-DUCoL4Afw1VWfS7LZe/j8HfxIcU=
    dependencies:
      forwarded "~0.1.0"
      ipaddr.js "1.0.5"
  
  qs@2.4.2:
    version "2.4.2"
    resolved "https://registry.yarnpkg.com/qs/-/qs-2.4.2.tgz#f7ce788e5777df0b5010da7f7c4e73ba32470f5a"
    integrity sha1-9854jld33wtQENp/fE5zujJHD1o=
  
  range-parser@~1.0.2:
    version "1.0.3"
    resolved "https://registry.yarnpkg.com/range-parser/-/range-parser-1.0.3.tgz#6872823535c692e2c2a0103826afd82c2e0ff175"
    integrity sha1-aHKCNTXGkuLCoBA4Jq/YLC4P8XU=
  
  readable-stream@2.3.6:
    version "2.3.6"
    resolved "https://registry.yarnpkg.com/readable-stream/-/readable-stream-2.3.6.tgz#b11c27d88b8ff1fbe070643cf94b0c79ae1b0aaf"
    integrity sha512-tQtKA9WIAhBF3+VLAseyMqZeBjW0AHJoxOtYqSUZNJxauErmLbVm2FW1y+J/YA9dUrAC39ITejlZWhVIwawkKw==
    dependencies:
      core-util-is "~1.0.0"
      inherits "~2.0.3"
      isarray "~1.0.0"
      process-nextick-args "~2.0.0"
      safe-buffer "~5.1.1"
      string_decoder "~1.1.1"
      util-deprecate "~1.0.1"
  
  reconnect-core@KurentoForks/reconnect-core:
    version "1.0.0"
    resolved "https://codeload.github.com/KurentoForks/reconnect-core/tar.gz/921d43e91578abb2fb2613f585c010c1939cf734"
    dependencies:
      backoff "~2.3.0"
  
  reconnect-ws@KurentoForks/reconnect-ws#master:
    version "0.0.0"
    resolved "https://codeload.github.com/KurentoForks/reconnect-ws/tar.gz/f287385d75861654528c352e60221f95c9209f8a"
    dependencies:
      reconnect-core KurentoForks/reconnect-core
      websocket-stream "~0.5.1"
  
  rimraf@^2.2.8:
    version "2.6.3"
    resolved "https://registry.yarnpkg.com/rimraf/-/rimraf-2.6.3.tgz#b2d104fe0d8fb27cf9e0a1cda8262dd3833c6cab"
    integrity sha512-mwqeW5XsA2qAejG46gYdENaxXjx9onRNCfn7L0duuP4hCuTIi/QO7PDK07KJfp1d+izWPrzEJDcSqBa0OZQriA==
    dependencies:
      glob "^7.1.3"
  
  safe-buffer@5.1.2, safe-buffer@~5.1.0, safe-buffer@~5.1.1:
    version "5.1.2"
    resolved "https://registry.yarnpkg.com/safe-buffer/-/safe-buffer-5.1.2.tgz#991ec69d296e0313747d59bdfd2b745c35f8828d"
    integrity sha512-Gd2UZBJDkXlY7GbJxfsE8/nvKkUEU1G38c1siN6QP6a9PT9MmHB8GnpscSmMJSoF8LOIrt8ud/wPtojys4G6+g==
  
  send@0.12.3:
    version "0.12.3"
    resolved "https://registry.yarnpkg.com/send/-/send-0.12.3.tgz#cd12dc58fde21e4f91902b39b2fda05a7a6d9bdc"
    integrity sha1-zRLcWP3iHk+RkCs5sv2gWnptm9w=
    dependencies:
      debug "~2.2.0"
      depd "~1.0.1"
      destroy "1.0.3"
      escape-html "1.0.1"
      etag "~1.6.0"
      fresh "0.2.4"
      mime "1.3.4"
      ms "0.7.1"
      on-finished "~2.2.1"
      range-parser "~1.0.2"
  
  serve-static@~1.9.3:
    version "1.9.3"
    resolved "https://registry.yarnpkg.com/serve-static/-/serve-static-1.9.3.tgz#5f8da07323ad385ff3dc541f1a7917b2e436eb57"
    integrity sha1-X42gcyOtOF/z3FQfGnkXsuQ261c=
    dependencies:
      escape-html "1.0.1"
      parseurl "~1.3.0"
      send "0.12.3"
      utils-merge "1.0.0"
  
  sqlstring@2.3.1:
    version "2.3.1"
    resolved "https://registry.yarnpkg.com/sqlstring/-/sqlstring-2.3.1.tgz#475393ff9e91479aea62dcaf0ca3d14983a7fb40"
    integrity sha1-R1OT/56RR5rqYtyvDKPRSYOn+0A=
  
  string_decoder@~1.1.1:
    version "1.1.1"
    resolved "https://registry.yarnpkg.com/string_decoder/-/string_decoder-1.1.1.tgz#9cf1611ba62685d7030ae9e4ba34149c3af03fc8"
    integrity sha512-n/ShnvDi6FHbbVfviro+WojiFzv+s8MPMHBczVePfUpDJLwoLT0ht1l4YwBCbi8pJAveEEdnkHyPyTP/mzRfwg==
    dependencies:
      safe-buffer "~5.1.0"
  
  through@~2.3.4:
    version "2.3.8"
    resolved "https://registry.yarnpkg.com/through/-/through-2.3.8.tgz#0dd4c9ffaabc357960b1b724115d7e0e86a2e1f5"
    integrity sha1-DdTJ/6q8NXlgsbckEV1+Doai4fU=
  
  tinycolor@0.x:
    version "0.0.1"
    resolved "https://registry.yarnpkg.com/tinycolor/-/tinycolor-0.0.1.tgz#320b5a52d83abb5978d81a3e887d4aefb15a6164"
    integrity sha1-MgtaUtg6u1l42Bo+iH1K77FaYWQ=
  
  type-is@~1.6.2:
    version "1.6.16"
    resolved "https://registry.yarnpkg.com/type-is/-/type-is-1.6.16.tgz#f89ce341541c672b25ee7ae3c73dee3b2be50194"
    integrity sha512-HRkVv/5qY2G6I8iab9cI7v1bOIdhm94dVjQCPFElW9W+3GeDOSHmy2EBYe4VTApuzolPcmgFTN3ftVJRKR2J9Q==
    dependencies:
      media-typer "0.3.0"
      mime-types "~2.1.18"
  
  ultron@1.0.x:
    version "1.0.2"
    resolved "https://registry.yarnpkg.com/ultron/-/ultron-1.0.2.tgz#ace116ab557cd197386a4e88f4685378c8b2e4fa"
    integrity sha1-rOEWq1V80Zc4ak6I9GhTeMiy5Po=
  
  underscore@*:
    version "1.9.1"
    resolved "https://registry.yarnpkg.com/underscore/-/underscore-1.9.1.tgz#06dce34a0e68a7babc29b365b8e74b8925203961"
    integrity sha512-5/4etnCkd9c8gwgowi5/om/mYO5ajCaOgdzj/oW+0eQV9WxKBDZw5+ycmKmeaTXjInS/W0BzpGLo2xR2aBwZdg==
  
  utf-8-validate@1.2.x:
    version "1.2.2"
    resolved "https://registry.yarnpkg.com/utf-8-validate/-/utf-8-validate-1.2.2.tgz#8bb871a4741e085c70487ca7acdbd7d6d36029eb"
    integrity sha1-i7hxpHQeCFxwSHynrNvX1tNgKes=
    dependencies:
      bindings "~1.2.1"
      nan "~2.4.0"
  
  util-deprecate@~1.0.1:
    version "1.0.2"
    resolved "https://registry.yarnpkg.com/util-deprecate/-/util-deprecate-1.0.2.tgz#450d4dc9fa70de732762fbd2d4a28981419a0ccf"
    integrity sha1-RQ1Nyfpw3nMnYvvS1KKJgUGaDM8=
  
  utils-merge@1.0.0:
    version "1.0.0"
    resolved "https://registry.yarnpkg.com/utils-merge/-/utils-merge-1.0.0.tgz#0294fb922bb9375153541c4f7096231f287c8af8"
    integrity sha1-ApT7kiu5N1FTVBxPcJYjHyh8ivg=
  
  vary@~1.0.0:
    version "1.0.1"
    resolved "https://registry.yarnpkg.com/vary/-/vary-1.0.1.tgz#99e4981566a286118dfb2b817357df7993376d10"
    integrity sha1-meSYFWaihhGN+yuBc1ffeZM3bRA=
  
  video-thumbnail-generator@^1.1.3:
    version "1.1.3"
    resolved "https://registry.yarnpkg.com/video-thumbnail-generator/-/video-thumbnail-generator-1.1.3.tgz#b8bd9398697205c35cfed6dd12809d5b41068f9d"
    integrity sha1-uL2TmGlyBcNc/tbdEoCdW0EGj50=
    dependencies:
      bluebird "3.5.0"
      del "2.2.2"
      fluent-ffmpeg "2.1.0"
      lodash "4.17.4"
      moment "2.22.2"
  
  websocket-stream@~0.5.1:
    version "0.5.1"
    resolved "https://registry.yarnpkg.com/websocket-stream/-/websocket-stream-0.5.1.tgz#622cd1f0566fb84ce0a4d6f854526f3dc4d70e48"
    integrity sha1-YizR8FZvuEzgpNb4VFJvPcTXDkg=
    dependencies:
      isbuffer "0.0.0"
      through "~2.3.4"
      ws "~0.4.30"
  
  which@^1.1.1:
    version "1.3.1"
    resolved "https://registry.yarnpkg.com/which/-/which-1.3.1.tgz#a45043d54f5805316da8d62f9f50918d3da70b0a"
    integrity sha512-HxJdYWq1MTIQbJ3nw0cqssHoTNU267KlrDuGZ1WYlxDStUtKUhOaJmh112/TZmHxxUfuJqPXSOm7tDyas0OSIQ==
    dependencies:
      isexe "^2.0.0"
  
  wrappy@1:
    version "1.0.2"
    resolved "https://registry.yarnpkg.com/wrappy/-/wrappy-1.0.2.tgz#b5243d8f3ec1aa35f1364605bc0d1036e30ab69f"
    integrity sha1-tSQ9jz7BqjXxNkYFvA0QNuMKtp8=
  
  ws@^1.1.1:
    version "1.1.5"
    resolved "https://registry.yarnpkg.com/ws/-/ws-1.1.5.tgz#cbd9e6e75e09fc5d2c90015f21f0c40875e0dd51"
    integrity sha512-o3KqipXNUdS7wpQzBHSe180lBGO60SoK0yVo3CYJgb2MkobuWuBX6dhkYP5ORCLd55y+SaflMOV5fqAB53ux4w==
    dependencies:
      options ">=0.0.5"
      ultron "1.0.x"
  
  ws@~0.4.30:
    version "0.4.32"
    resolved "https://registry.yarnpkg.com/ws/-/ws-0.4.32.tgz#787a6154414f3c99ed83c5772153b20feb0cec32"
    integrity sha1-eHphVEFPPJntg8V3IVOyD+sM7DI=
    dependencies:
      commander "~2.1.0"
      nan "~1.0.0"
      options ">=0.0.5"
      tinycolor "0.x"
  
  ws@~1.0.1:
    version "1.0.1"
    resolved "https://registry.yarnpkg.com/ws/-/ws-1.0.1.tgz#7d0b2a2e58cddd819039c29c9de65045e1b310e9"
    integrity sha1-fQsqLljN3YGQOcKcneZQReGzEOk=
    dependencies:
      options ">=0.0.5"
      ultron "1.0.x"
